# JRE version: OpenJDK Runtime Environment (8.0_152-b01) (build 1.8.0_152-release-1024-b01)
# Java VM: OpenJDK 64-Bit Server VM (25.152-b01 mixed mode linux-amd64 compressed oops)
Heap:
 PSYoungGen      total 248832K, used 24509K [0x00000000e0000000, 0x00000000f1200000, 0x0000000100000000)
  eden space 223744K, 0% used [0x00000000e0000000,0x00000000e0000000,0x00000000eda80000)
  from space 25088K, 97% used [0x00000000eda80000,0x00000000ef26f7a0,0x00000000ef300000)
  to   space 17408K, 0% used [0x00000000ef300000,0x00000000ef300000,0x00000000f0400000)
 ParOldGen       total 77824K, used 59461K [0x00000000a0000000, 0x00000000a4c00000, 0x00000000e0000000)
  object space 77824K, 76% used [0x00000000a0000000,0x00000000a3a117e0,0x00000000a4c00000)
 Metaspace       used 70519K, capacity 73416K, committed 73560K, reserved 1112064K
  class space    used 9456K, capacity 10057K, committed 10112K, reserved 1048576K
GC Heap History (10 events):
Event: 24,866 GC heap after
Heap after GC invocations=13 (full 2):
 PSYoungGen      total 135680K, used 12332K [0x00000000e0000000, 0x00000000eb300000, 0x0000000100000000)
  eden space 122368K, 0% used [0x00000000e0000000,0x00000000e0000000,0x00000000e7780000)
  from space 13312K, 92% used [0x00000000e7780000,0x00000000e838b088,0x00000000e8480000)
  to   space 14848K, 0% used [0x00000000ea480000,0x00000000ea480000,0x00000000eb300000)
 ParOldGen       total 56832K, used 28929K [0x00000000a0000000, 0x00000000a3780000, 0x00000000e0000000)
  object space 56832K, 50% used [0x00000000a0000000,0x00000000a1c40748,0x00000000a3780000)
 Metaspace       used 52052K, capacity 53608K, committed 53848K, reserved 1095680K
  class space    used 7144K, capacity 7523K, committed 7552K, reserved 1048576K
}
Event: 45,534 GC heap before
{Heap before GC invocations=14 (full 2):
 PSYoungGen      total 135680K, used 134700K [0x00000000e0000000, 0x00000000eb300000, 0x0000000100000000)
  eden space 122368K, 100% used [0x00000000e0000000,0x00000000e7780000,0x00000000e7780000)
  from space 13312K, 92% used [0x00000000e7780000,0x00000000e838b088,0x00000000e8480000)
  to   space 14848K, 0% used [0x00000000ea480000,0x00000000ea480000,0x00000000eb300000)
 ParOldGen       total 56832K, used 28929K [0x00000000a0000000, 0x00000000a3780000, 0x00000000e0000000)
  object space 56832K, 50% used [0x00000000a0000000,0x00000000a1c40748,0x00000000a3780000)
 Metaspace       used 57122K, capacity 58726K, committed 58840K, reserved 1099776K
  class space    used 7746K, capacity 8104K, committed 8192K, reserved 1048576K
Event: 45,555 GC heap after
Heap after GC invocations=14 (full 2):
 PSYoungGen      total 164352K, used 14816K [0x00000000e0000000, 0x00000000eb400000, 0x0000000100000000)
  eden space 149504K, 0% used [0x00000000e0000000,0x00000000e0000000,0x00000000e9200000)
  from space 14848K, 99% used [0x00000000ea480000,0x00000000eb2f8090,0x00000000eb300000)
  to   space 17408K, 0% used [0x00000000e9200000,0x00000000e9200000,0x00000000ea300000)
 ParOldGen       total 56832K, used 29000K [0x00000000a0000000, 0x00000000a3780000, 0x00000000e0000000)
  object space 56832K, 51% used [0x00000000a0000000,0x00000000a1c52398,0x00000000a3780000)
 Metaspace       used 57122K, capacity 58726K, committed 58840K, reserved 1099776K
  class space    used 7746K, capacity 8104K, committed 8192K, reserved 1048576K
}
Event: 45,590 GC heap before
{Heap before GC invocations=15 (full 2):
 PSYoungGen      total 164352K, used 20335K [0x00000000e0000000, 0x00000000eb400000, 0x0000000100000000)
  eden space 149504K, 3% used [0x00000000e0000000,0x00000000e0563bd0,0x00000000e9200000)
  from space 14848K, 99% used [0x00000000ea480000,0x00000000eb2f8090,0x00000000eb300000)
  to   space 17408K, 0% used [0x00000000e9200000,0x00000000e9200000,0x00000000ea300000)
 ParOldGen       total 56832K, used 29000K [0x00000000a0000000, 0x00000000a3780000, 0x00000000e0000000)
  object space 56832K, 51% used [0x00000000a0000000,0x00000000a1c52398,0x00000000a3780000)
 Metaspace       used 57310K, capacity 58886K, committed 59028K, reserved 1099776K
  class space    used 7761K, capacity 8136K, committed 8192K, reserved 1048576K
Event: 45,618 GC heap after
Heap after GC invocations=15 (full 2):
 PSYoungGen      total 166912K, used 244K [0x00000000e0000000, 0x00000000f0400000, 0x0000000100000000)
  eden space 149504K, 0% used [0x00000000e0000000,0x00000000e0000000,0x00000000e9200000)
  from space 17408K, 1% used [0x00000000e9200000,0x00000000e923d090,0x00000000ea300000)
  to   space 17408K, 0% used [0x00000000ef300000,0x00000000ef300000,0x00000000f0400000)
 ParOldGen       total 56832K, used 41577K [0x00000000a0000000, 0x00000000a3780000, 0x00000000e0000000)
  object space 56832K, 73% used [0x00000000a0000000,0x00000000a289a478,0x00000000a3780000)
 Metaspace       used 57310K, capacity 58886K, committed 59028K, reserved 1099776K
  class space    used 7761K, capacity 8136K, committed 8192K, reserved 1048576K
}
Event: 45,618 GC heap before
{Heap before GC invocations=16 (full 3):
 PSYoungGen      total 166912K, used 244K [0x00000000e0000000, 0x00000000f0400000, 0x0000000100000000)
  eden space 149504K, 0% used [0x00000000e0000000,0x00000000e0000000,0x00000000e9200000)
  from space 17408K, 1% used [0x00000000e9200000,0x00000000e923d090,0x00000000ea300000)
  to   space 17408K, 0% used [0x00000000ef300000,0x00000000ef300000,0x00000000f0400000)
 ParOldGen       total 56832K, used 41577K [0x00000000a0000000, 0x00000000a3780000, 0x00000000e0000000)
  object space 56832K, 73% used [0x00000000a0000000,0x00000000a289a478,0x00000000a3780000)
 Metaspace       used 57310K, capacity 58886K, committed 59028K, reserved 1099776K
  class space    used 7761K, capacity 8136K, committed 8192K, reserved 1048576K
Event: 45,849 GC heap after
Heap after GC invocations=16 (full 3):
 PSYoungGen      total 166912K, used 0K [0x00000000e0000000, 0x00000000f0400000, 0x0000000100000000)
  eden space 149504K, 0% used [0x00000000e0000000,0x00000000e0000000,0x00000000e9200000)
  from space 17408K, 0% used [0x00000000e9200000,0x00000000e9200000,0x00000000ea300000)
  to   space 17408K, 0% used [0x00000000ef300000,0x00000000ef300000,0x00000000f0400000)
 ParOldGen       total 77824K, used 33306K [0x00000000a0000000, 0x00000000a4c00000, 0x00000000e0000000)
  object space 77824K, 42% used [0x00000000a0000000,0x00000000a20868e0,0x00000000a4c00000)
 Metaspace       used 57300K, capacity 58850K, committed 59028K, reserved 1099776K
  class space    used 7758K, capacity 8130K, committed 8192K, reserved 1048576K
}
Event: 51,245 GC heap before
{Heap before GC invocations=17 (full 3):
 PSYoungGen      total 166912K, used 149504K [0x00000000e0000000, 0x00000000f0400000, 0x0000000100000000)
  eden space 149504K, 100% used [0x00000000e0000000,0x00000000e9200000,0x00000000e9200000)
  from space 17408K, 0% used [0x00000000e9200000,0x00000000e9200000,0x00000000ea300000)
  to   space 17408K, 0% used [0x00000000ef300000,0x00000000ef300000,0x00000000f0400000)
 ParOldGen       total 77824K, used 33306K [0x00000000a0000000, 0x00000000a4c00000, 0x00000000e0000000)
  object space 77824K, 42% used [0x00000000a0000000,0x00000000a20868e0,0x00000000a4c00000)
 Metaspace       used 67227K, capacity 69836K, committed 69976K, reserved 1110016K
  class space    used 9043K, capacity 9579K, committed 9600K, reserved 1048576K
Event: 51,286 GC heap after
Heap after GC invocations=17 (full 3):
 PSYoungGen      total 241152K, used 17386K [0x00000000e0000000, 0x00000000f1200000, 0x0000000100000000)
  eden space 223744K, 0% used [0x00000000e0000000,0x00000000e0000000,0x00000000eda80000)
  from space 17408K, 99% used [0x00000000ef300000,0x00000000f03fab68,0x00000000f0400000)
  to   space 25088K, 0% used [0x00000000eda80000,0x00000000eda80000,0x00000000ef300000)
 ParOldGen       total 77824K, used 46422K [0x00000000a0000000, 0x00000000a4c00000, 0x00000000e0000000)
  object space 77824K, 59% used [0x00000000a0000000,0x00000000a2d55b18,0x00000000a4c00000)
 Metaspace       used 67227K, capacity 69836K, committed 69976K, reserved 1110016K
  class space    used 9043K, capacity 9579K, committed 9600K, reserved 1048576K
}
Event: 55,029 GC heap before
{Heap before GC invocations=18 (full 3):
 PSYoungGen      total 241152K, used 240482K [0x00000000e0000000, 0x00000000f1200000, 0x0000000100000000)
  eden space 223744K, 99% used [0x00000000e0000000,0x00000000ed9ddd58,0x00000000eda80000)
  from space 17408K, 99% used [0x00000000ef300000,0x00000000f03fab68,0x00000000f0400000)
  to   space 25088K, 0% used [0x00000000eda80000,0x00000000eda80000,0x00000000ef300000)
 ParOldGen       total 77824K, used 46422K [0x00000000a0000000, 0x00000000a4c00000, 0x00000000e0000000)
  object space 77824K, 59% used [0x00000000a0000000,0x00000000a2d55b18,0x00000000a4c00000)
 Metaspace       used 70519K, capacity 73416K, committed 73560K, reserved 1112064K
  class space    used 9456K, capacity 10057K, committed 10112K, reserved 1048576K

