# JRE version: OpenJDK Runtime Environment (8.0_152-b01) (build 1.8.0_152-release-1024-b01)
# Java VM: OpenJDK 64-Bit Server VM (25.152-b01 mixed mode linux-amd64 compressed oops)
Heap:
 PSYoungGen      total 250880K, used 32309K [0x00000000e0000000, 0x00000000f2380000, 0x0000000100000000)
  eden space 209408K, 0% used [0x00000000e0000000,0x00000000e0000000,0x00000000ecc80000)
  from space 41472K, 77% used [0x00000000ecc80000,0x00000000eec0d440,0x00000000ef500000)
  to   space 39424K, 0% used [0x00000000ef500000,0x00000000ef500000,0x00000000f1b80000)
 ParOldGen       total 88576K, used 57459K [0x00000000a0000000, 0x00000000a5680000, 0x00000000e0000000)
  object space 88576K, 64% used [0x00000000a0000000,0x00000000a381cfa8,0x00000000a5680000)
 Metaspace       used 75000K, capacity 78434K, committed 78552K, reserved 1118208K
  class space    used 9789K, capacity 10436K, committed 10496K, reserved 1048576K
GC Heap History (10 events):
Event: 99,212 GC heap after
Heap after GC invocations=17 (full 3):
 PSYoungGen      total 171520K, used 14674K [0x00000000e0000000, 0x00000000ec080000, 0x0000000100000000)
  eden space 151040K, 0% used [0x00000000e0000000,0x00000000e0000000,0x00000000e9380000)
  from space 20480K, 71% used [0x00000000eac80000,0x00000000ebad4ab0,0x00000000ec080000)
  to   space 23040K, 0% used [0x00000000e9380000,0x00000000e9380000,0x00000000eaa00000)
 ParOldGen       total 88576K, used 31380K [0x00000000a0000000, 0x00000000a5680000, 0x00000000e0000000)
  object space 88576K, 35% used [0x00000000a0000000,0x00000000a1ea5078,0x00000000a5680000)
 Metaspace       used 59193K, capacity 60984K, committed 61144K, reserved 1101824K
  class space    used 7766K, capacity 8145K, committed 8192K, reserved 1048576K
}
Event: 105,050 GC heap before
{Heap before GC invocations=18 (full 3):
 PSYoungGen      total 171520K, used 165714K [0x00000000e0000000, 0x00000000ec080000, 0x0000000100000000)
  eden space 151040K, 100% used [0x00000000e0000000,0x00000000e9380000,0x00000000e9380000)
  from space 20480K, 71% used [0x00000000eac80000,0x00000000ebad4ab0,0x00000000ec080000)
  to   space 23040K, 0% used [0x00000000e9380000,0x00000000e9380000,0x00000000eaa00000)
 ParOldGen       total 88576K, used 31380K [0x00000000a0000000, 0x00000000a5680000, 0x00000000e0000000)
  object space 88576K, 35% used [0x00000000a0000000,0x00000000a1ea5078,0x00000000a5680000)
 Metaspace       used 64653K, capacity 66484K, committed 66648K, reserved 1107968K
  class space    used 8390K, capacity 8811K, committed 8832K, reserved 1048576K
Event: 105,084 GC heap after
Heap after GC invocations=18 (full 3):
 PSYoungGen      total 174080K, used 13038K [0x00000000e0000000, 0x00000000edb00000, 0x0000000100000000)
  eden space 151040K, 0% used [0x00000000e0000000,0x00000000e0000000,0x00000000e9380000)
  from space 23040K, 56% used [0x00000000e9380000,0x00000000ea03bac0,0x00000000eaa00000)
  to   space 22528K, 0% used [0x00000000ec500000,0x00000000ec500000,0x00000000edb00000)
 ParOldGen       total 88576K, used 31388K [0x00000000a0000000, 0x00000000a5680000, 0x00000000e0000000)
  object space 88576K, 35% used [0x00000000a0000000,0x00000000a1ea7078,0x00000000a5680000)
 Metaspace       used 64653K, capacity 66484K, committed 66648K, reserved 1107968K
  class space    used 8390K, capacity 8811K, committed 8832K, reserved 1048576K
}
Event: 109,155 GC heap before
{Heap before GC invocations=19 (full 3):
 PSYoungGen      total 174080K, used 164078K [0x00000000e0000000, 0x00000000edb00000, 0x0000000100000000)
  eden space 151040K, 100% used [0x00000000e0000000,0x00000000e9380000,0x00000000e9380000)
  from space 23040K, 56% used [0x00000000e9380000,0x00000000ea03bac0,0x00000000eaa00000)
  to   space 22528K, 0% used [0x00000000ec500000,0x00000000ec500000,0x00000000edb00000)
 ParOldGen       total 88576K, used 31388K [0x00000000a0000000, 0x00000000a5680000, 0x00000000e0000000)
  object space 88576K, 35% used [0x00000000a0000000,0x00000000a1ea7078,0x00000000a5680000)
 Metaspace       used 71872K, capacity 74802K, committed 75096K, reserved 1114112K
  class space    used 9381K, capacity 9986K, committed 10112K, reserved 1048576K
Event: 109,196 GC heap after
Heap after GC invocations=19 (full 3):
 PSYoungGen      total 196096K, used 22506K [0x00000000e0000000, 0x00000000eea80000, 0x0000000100000000)
  eden space 173568K, 0% used [0x00000000e0000000,0x00000000e0000000,0x00000000ea980000)
  from space 22528K, 99% used [0x00000000ec500000,0x00000000edafaa70,0x00000000edb00000)
  to   space 28160K, 0% used [0x00000000ea980000,0x00000000ea980000,0x00000000ec500000)
 ParOldGen       total 88576K, used 37901K [0x00000000a0000000, 0x00000000a5680000, 0x00000000e0000000)
  object space 88576K, 42% used [0x00000000a0000000,0x00000000a2503470,0x00000000a5680000)
 Metaspace       used 71872K, capacity 74802K, committed 75096K, reserved 1114112K
  class space    used 9381K, capacity 9986K, committed 10112K, reserved 1048576K
}
Event: 112,966 GC heap before
{Heap before GC invocations=20 (full 3):
 PSYoungGen      total 196096K, used 196074K [0x00000000e0000000, 0x00000000eea80000, 0x0000000100000000)
  eden space 173568K, 100% used [0x00000000e0000000,0x00000000ea980000,0x00000000ea980000)
  from space 22528K, 99% used [0x00000000ec500000,0x00000000edafaa70,0x00000000edb00000)
  to   space 28160K, 0% used [0x00000000ea980000,0x00000000ea980000,0x00000000ec500000)
 ParOldGen       total 88576K, used 37901K [0x00000000a0000000, 0x00000000a5680000, 0x00000000e0000000)
  object space 88576K, 42% used [0x00000000a0000000,0x00000000a2503470,0x00000000a5680000)
 Metaspace       used 73179K, capacity 76262K, committed 76504K, reserved 1116160K
  class space    used 9536K, capacity 10144K, committed 10240K, reserved 1048576K
Event: 113,089 GC heap after
Heap after GC invocations=20 (full 3):
 PSYoungGen      total 201728K, used 28151K [0x00000000e0000000, 0x00000000f1b80000, 0x0000000100000000)
  eden space 173568K, 0% used [0x00000000e0000000,0x00000000e0000000,0x00000000ea980000)
  from space 28160K, 99% used [0x00000000ea980000,0x00000000ec4fdee0,0x00000000ec500000)
  to   space 39424K, 0% used [0x00000000ef500000,0x00000000ef500000,0x00000000f1b80000)
 ParOldGen       total 88576K, used 57443K [0x00000000a0000000, 0x00000000a5680000, 0x00000000e0000000)
  object space 88576K, 64% used [0x00000000a0000000,0x00000000a3818fa8,0x00000000a5680000)
 Metaspace       used 73179K, capacity 76262K, committed 76504K, reserved 1116160K
  class space    used 9536K, capacity 10144K, committed 10240K, reserved 1048576K
}
Event: 116,478 GC heap before
{Heap before GC invocations=21 (full 3):
 PSYoungGen      total 201728K, used 201719K [0x00000000e0000000, 0x00000000f1b80000, 0x0000000100000000)
  eden space 173568K, 100% used [0x00000000e0000000,0x00000000ea980000,0x00000000ea980000)
  from space 28160K, 99% used [0x00000000ea980000,0x00000000ec4fdee0,0x00000000ec500000)
  to   space 39424K, 0% used [0x00000000ef500000,0x00000000ef500000,0x00000000f1b80000)
 ParOldGen       total 88576K, used 57443K [0x00000000a0000000, 0x00000000a5680000, 0x00000000e0000000)
  object space 88576K, 64% used [0x00000000a0000000,0x00000000a3818fa8,0x00000000a5680000)
 Metaspace       used 74268K, capacity 77518K, committed 77656K, reserved 1116160K
  class space    used 9686K, capacity 10298K, committed 10368K, reserved 1048576K
Event: 116,566 GC heap after
Heap after GC invocations=21 (full 3):
 PSYoungGen      total 248832K, used 27558K [0x00000000e0000000, 0x00000000f2380000, 0x0000000100000000)
  eden space 209408K, 0% used [0x00000000e0000000,0x00000000e0000000,0x00000000ecc80000)
  from space 39424K, 69% used [0x00000000ef500000,0x00000000f0fe9af8,0x00000000f1b80000)
  to   space 41472K, 0% used [0x00000000ecc80000,0x00000000ecc80000,0x00000000ef500000)
 ParOldGen       total 88576K, used 57451K [0x00000000a0000000, 0x00000000a5680000, 0x00000000e0000000)
  object space 88576K, 64% used [0x00000000a0000000,0x00000000a381afa8,0x00000000a5680000)
 Metaspace       used 74268K, capacity 77518K, committed 77656K, reserved 1116160K
  class space    used 9686K, capacity 10298K, committed 10368K, reserved 1048576K
}
Event: 117,538 GC heap before
{Heap before GC invocations=22 (full 3):
 PSYoungGen      total 248832K, used 236966K [0x00000000e0000000, 0x00000000f2380000, 0x0000000100000000)
  eden space 209408K, 100% used [0x00000000e0000000,0x00000000ecc80000,0x00000000ecc80000)
  from space 39424K, 69% used [0x00000000ef500000,0x00000000f0fe9af8,0x00000000f1b80000)
  to   space 41472K, 0% used [0x00000000ecc80000,0x00000000ecc80000,0x00000000ef500000)
 ParOldGen       total 88576K, used 57451K [0x00000000a0000000, 0x00000000a5680000, 0x00000000e0000000)
  object space 88576K, 64% used [0x00000000a0000000,0x00000000a381afa8,0x00000000a5680000)
 Metaspace       used 75000K, capacity 78434K, committed 78552K, reserved 1118208K
  class space    used 9789K, capacity 10436K, committed 10496K, reserved 1048576K

